<?xml version="1.0" encoding="UTF-8"?>
<testng-results skipped="0" failed="0" total="1" passed="1">
  <reporter-output>
  </reporter-output>
  <suite name="Default suite" duration-ms="4309" started-at="2021-07-30T14:00:04Z" finished-at="2021-07-30T14:00:08Z">
    <groups>
    </groups>
    <test name="Default test" duration-ms="4309" started-at="2021-07-30T14:00:04Z" finished-at="2021-07-30T14:00:08Z">
      <class name="API.test.API1">
        <test-method status="PASS" signature="tokenapi()[pri:0, instance:API.test.API1@d818d1]" name="tokenapi" duration-ms="4268" started-at="2021-07-30T19:30:04Z" finished-at="2021-07-30T19:30:08Z">
          <reporter-output>
          </reporter-output>
        </test-method> <!-- tokenapi -->
      </class> <!-- API.test.API1 -->
    </test> <!-- Default test -->
  </suite> <!-- Default suite -->
</testng-results>
