<?xml version="1.0" encoding="UTF-8"?>
<testng-results skipped="0" failed="0" total="1" passed="1">
  <reporter-output>
  </reporter-output>
  <suite name="Default suite" duration-ms="3031" started-at="2021-08-10T07:24:53Z" finished-at="2021-08-10T07:24:56Z">
    <groups>
    </groups>
    <test name="Default test" duration-ms="3031" started-at="2021-08-10T07:24:53Z" finished-at="2021-08-10T07:24:56Z">
      <class name="API.test.tokenapi">
        <test-method status="PASS" signature="APInew()[pri:0, instance:API.test.tokenapi@166e5bd]" name="APInew" duration-ms="2983" started-at="2021-08-10T12:54:53Z" finished-at="2021-08-10T12:54:56Z">
          <reporter-output>
          </reporter-output>
        </test-method> <!-- APInew -->
      </class> <!-- API.test.tokenapi -->
    </test> <!-- Default test -->
  </suite> <!-- Default suite -->
</testng-results>
